<?xml version="1.0" encoding="UTF-8"?>
<testsuites name="OrangeHRM" time="38.712" tests="1" failures="0" errors="0">
   <testsuite name="OrangeHRM" tests="1" failures="0" errors="0" time="38.712" skipped="0" timestamp="2023-01-17 19:26:13" hostname="laksh - DESKTOP-GL5Q3SC" id="Test Suites/OrangeHRM">
      <properties>
         <property name="deviceName" value=""/>
         <property name="devicePlatform" value=""/>
         <property name="logFolder" value="C:\\Users\\laksh\\git\\katalon_git_jenkins\\Reports\\20230117_192552\\OrangeHRM\\20230117_192600"/>
         <property name="logFiles" value="C:\\Users\\laksh\\git\\katalon_git_jenkins\\Reports\\20230117_192552\\OrangeHRM\\20230117_192600\\execution0.log"/>
         <property name="attachments" value=""/>
         <property name="hostName" value="laksh - DESKTOP-GL5Q3SC"/>
         <property name="os" value="Windows 10 64bit"/>
         <property name="katalonVersion" value="8.3.0.208"/>
         <property name="browser" value="Firefox 108.0"/>
         <property name="hostAddress" value="192.168.80.1"/>
         <property name="sessionId" value="3d9384a1-29ec-4299-965f-ecec896ad3f9"/>
         <property name="seleniumVersion" value="3.141.59"/>
         <property name="proxyInformation" value="ProxyInformation { proxyOption=NO_PROXY, proxyServerType=HTTP, username=, password=********, proxyServerAddress=, proxyServerPort=0, executionList=&quot;&quot;, isApplyToDesiredCapabilities=true }"/>
         <property name="platform" value="Windows 10"/>
      </properties>
      <testcase name="Test Cases/OrangeHRM/Login and Logout" time="36.985" classname="Test Cases/OrangeHRM/Login and Logout" status="PASSED">
         <system-out><![CDATA[2023-01-17 19:26:14 - [TEST_CASE][PASSED] - Test Cases/OrangeHRM/Login and Logout: Test Cases/OrangeHRM/Login and Logout

2023-01-17 19:26:16 - [TEST_STEP][PASSED] - openBrowser(""): Browser is opened with url: ''

2023-01-17 19:26:17 - [MESSAGE][INFO] - Starting 'Firefox' driver

2023-01-17 19:26:17 - [MESSAGE][INFO] - Action delay is set to 0 milliseconds

2023-01-17 19:26:31 - [MESSAGE][PASSED] - Browser is opened with url: ''

2023-01-17 19:26:31 - [TEST_STEP][PASSED] - navigateToUrl("https://opensource-demo.orangehrmlive.com/web/index.php/auth/login"): Navigate to 'https://opensource-demo.orangehrmlive.com/web/index.php/auth/login' successfully

2023-01-17 19:26:36 - [MESSAGE][PASSED] - Navigate to 'https://opensource-demo.orangehrmlive.com/web/index.php/auth/login' successfully

2023-01-17 19:26:36 - [TEST_STEP][PASSED] - setText(findTestObject("Object Repository/Page_OrangeHRM/input_Username_username"), "admin"): Text 'admin' is set on object 'Object Repository/Page_OrangeHRM/input_Username_username'

2023-01-17 19:26:38 - [MESSAGE][PASSED] - Text 'admin' is set on object 'Object Repository/Page_OrangeHRM/input_Username_username'

2023-01-17 19:26:38 - [TEST_STEP][PASSED] - setEncryptedText(findTestObject("Object Repository/Page_OrangeHRM/input_Password_password"), "hUKwJTbofgPU9eVlw/CnDQ=="): Text ****** has been set on object 'Object Repository/Page_OrangeHRM/input_Password_password'

2023-01-17 19:26:38 - [MESSAGE][PASSED] - Text ****** has been set on object 'Object Repository/Page_OrangeHRM/input_Password_password'

2023-01-17 19:26:38 - [TEST_STEP][PASSED] - click(findTestObject("Object Repository/Page_OrangeHRM/button_Login")): Object: 'Object Repository/Page_OrangeHRM/button_Login' is clicked on

2023-01-17 19:26:43 - [MESSAGE][PASSED] - Object: 'Object Repository/Page_OrangeHRM/button_Login' is clicked on

2023-01-17 19:26:43 - [TEST_STEP][PASSED] - click(findTestObject("Object Repository/Page_OrangeHRM/p_Paul Collings")): Object: 'Object Repository/Page_OrangeHRM/p_Paul Collings' is clicked on

2023-01-17 19:26:46 - [MESSAGE][PASSED] - Object: 'Object Repository/Page_OrangeHRM/p_Paul Collings' is clicked on

2023-01-17 19:26:46 - [TEST_STEP][PASSED] - delay(1): Delayed 1 second(s)

2023-01-17 19:26:48 - [MESSAGE][PASSED] - Delayed 1 second(s)

2023-01-17 19:26:48 - [TEST_STEP][PASSED] - click(findTestObject("Object Repository/Page_OrangeHRM/a_Logout")): Object: 'Object Repository/Page_OrangeHRM/a_Logout' is clicked on

2023-01-17 19:26:51 - [MESSAGE][PASSED] - Object: 'Object Repository/Page_OrangeHRM/a_Logout' is clicked on]]></system-out>
         <system-err><![CDATA[]]></system-err>
      </testcase>
      <system-out><![CDATA[2023-01-17 19:26:13 - [TEST_SUITE][PASSED] - OrangeHRM: Test Cases/OrangeHRM/Login and Logout]]></system-out>
      <system-err><![CDATA[]]></system-err>
   </testsuite>
</testsuites>
