<?xml version="1.0" encoding="UTF-8"?>
<testsuites name="OrangeHRM" time="14.21" tests="1" failures="0" errors="0">
   <testsuite name="OrangeHRM" tests="1" failures="0" errors="0" time="14.21" skipped="0" timestamp="2023-01-12 21:47:06" hostname="laksh - DESKTOP-GL5Q3SC" id="Test Suites/OrangeHRM">
      <properties>
         <property name="deviceName" value=""/>
         <property name="devicePlatform" value=""/>
         <property name="logFolder" value="C:\\Users\\laksh\\git\\katalon_git_jenkins\\Reports\\20230112_214701\\OrangeHRM\\20230112_214701"/>
         <property name="logFiles" value="C:\\Users\\laksh\\git\\katalon_git_jenkins\\Reports\\20230112_214701\\OrangeHRM\\20230112_214701\\execution0.log"/>
         <property name="attachments" value=""/>
         <property name="hostName" value="laksh - DESKTOP-GL5Q3SC"/>
         <property name="os" value="Windows 10 64bit"/>
         <property name="katalonVersion" value="8.3.0.208"/>
         <property name="browser" value="Chrome 108.0.0.0"/>
         <property name="hostAddress" value="192.168.80.1"/>
         <property name="sessionId" value="be0fc72f64668faf4c53ad02d0c2b31c"/>
         <property name="seleniumVersion" value="3.141.59"/>
         <property name="proxyInformation" value="ProxyInformation { proxyOption=NO_PROXY, proxyServerType=HTTP, username=, password=********, proxyServerAddress=, proxyServerPort=0, executionList=&quot;&quot;, isApplyToDesiredCapabilities=true }"/>
         <property name="platform" value="Windows 10"/>
      </properties>
      <testcase name="Test Cases/OrangeHRM/Login and Logout" time="13.69" classname="Test Cases/OrangeHRM/Login and Logout" status="PASSED">
         <system-out><![CDATA[2023-01-12 21:47:06 - [TEST_CASE][PASSED] - Test Cases/OrangeHRM/Login and Logout: Test Cases/OrangeHRM/Login and Logout

2023-01-12 21:47:07 - [TEST_STEP][PASSED] - openBrowser(""): Browser is opened with url: ''

2023-01-12 21:47:07 - [MESSAGE][INFO] - Starting 'Chrome' driver

2023-01-12 21:47:08 - [MESSAGE][INFO] - Action delay is set to 0 milliseconds

2023-01-12 21:47:11 - [MESSAGE][PASSED] - Browser is opened with url: ''

2023-01-12 21:47:11 - [TEST_STEP][PASSED] - navigateToUrl("https://opensource-demo.orangehrmlive.com/web/index.php/auth/login"): Navigate to 'https://opensource-demo.orangehrmlive.com/web/index.php/auth/login' successfully

2023-01-12 21:47:13 - [MESSAGE][PASSED] - Navigate to 'https://opensource-demo.orangehrmlive.com/web/index.php/auth/login' successfully

2023-01-12 21:47:13 - [TEST_STEP][PASSED] - setText(findTestObject("Object Repository/Page_OrangeHRM/input_Username_username"), "admin"): Text 'admin' is set on object 'Object Repository/Page_OrangeHRM/input_Username_username'

2023-01-12 21:47:14 - [MESSAGE][PASSED] - Text 'admin' is set on object 'Object Repository/Page_OrangeHRM/input_Username_username'

2023-01-12 21:47:14 - [TEST_STEP][PASSED] - setEncryptedText(findTestObject("Object Repository/Page_OrangeHRM/input_Password_password"), "hUKwJTbofgPU9eVlw/CnDQ=="): Text ****** has been set on object 'Object Repository/Page_OrangeHRM/input_Password_password'

2023-01-12 21:47:15 - [MESSAGE][PASSED] - Text ****** has been set on object 'Object Repository/Page_OrangeHRM/input_Password_password'

2023-01-12 21:47:15 - [TEST_STEP][PASSED] - click(findTestObject("Object Repository/Page_OrangeHRM/button_Login")): Object: 'Object Repository/Page_OrangeHRM/button_Login' is clicked on

2023-01-12 21:47:15 - [MESSAGE][PASSED] - Object: 'Object Repository/Page_OrangeHRM/button_Login' is clicked on

2023-01-12 21:47:15 - [TEST_STEP][PASSED] - click(findTestObject("Object Repository/Page_OrangeHRM/p_Paul Collings")): Object: 'Object Repository/Page_OrangeHRM/p_Paul Collings' is clicked on

2023-01-12 21:47:18 - [MESSAGE][PASSED] - Object: 'Object Repository/Page_OrangeHRM/p_Paul Collings' is clicked on

2023-01-12 21:47:18 - [TEST_STEP][PASSED] - delay(1): Delayed 1 second(s)

2023-01-12 21:47:19 - [MESSAGE][PASSED] - Delayed 1 second(s)

2023-01-12 21:47:19 - [TEST_STEP][PASSED] - click(findTestObject("Object Repository/Page_OrangeHRM/a_Logout")): Object: 'Object Repository/Page_OrangeHRM/a_Logout' is clicked on

2023-01-12 21:47:20 - [MESSAGE][PASSED] - Object: 'Object Repository/Page_OrangeHRM/a_Logout' is clicked on]]></system-out>
         <system-err><![CDATA[]]></system-err>
      </testcase>
      <system-out><![CDATA[2023-01-12 21:47:06 - [TEST_SUITE][PASSED] - OrangeHRM: Test Cases/OrangeHRM/Login and Logout]]></system-out>
      <system-err><![CDATA[]]></system-err>
   </testsuite>
</testsuites>
