<?xml version="1.0" encoding="UTF-8"?>
<testsuites name="CURA Healthcare" time="1.522" tests="0" failures="0" errors="0">
   <testsuite name="CURA Healthcare" tests="0" failures="0" errors="0" time="1.522" skipped="0" timestamp="2023-01-17 19:20:47" hostname="laksh - DESKTOP-GL5Q3SC" id="Test Suites/CURA Healthcare">
      <properties>
         <property name="deviceName" value=""/>
         <property name="devicePlatform" value=""/>
         <property name="logFolder" value="C:\\Users\\laksh\\git\\katalon_git_jenkins\\Reports\\20230117_192032\\CURA Healthcare\\20230117_192038"/>
         <property name="logFiles" value="C:\\Users\\laksh\\git\\katalon_git_jenkins\\Reports\\20230117_192032\\CURA Healthcare\\20230117_192038\\execution0.log"/>
         <property name="attachments" value=""/>
         <property name="hostName" value="laksh - DESKTOP-GL5Q3SC"/>
         <property name="hostAddress" value="192.168.80.1"/>
         <property name="os" value="Windows 10 64bit"/>
         <property name="katalonVersion" value="8.3.0.208"/>
      </properties>
      <system-out><![CDATA[2023-01-17 19:20:47 - [TEST_SUITE][PASSED] - CURA Healthcare: null]]></system-out>
      <system-err><![CDATA[]]></system-err>
   </testsuite>
</testsuites>
