<?xml version="1.0" encoding="UTF-8"?>
<testsuites name="New Test Suite 1" time="190.131" tests="3" failures="0" errors="0">
   <testsuite name="New Test Suite 1" tests="3" failures="0" errors="0" time="190.131" skipped="0" timestamp="2023-01-12 21:32:28" hostname="laksh - DESKTOP-GL5Q3SC" id="Test Suites/New Test Suite 1">
      <properties>
         <property name="deviceName" value=""/>
         <property name="devicePlatform" value=""/>
         <property name="logFolder" value="C:\\Users\\laksh\\git\\katalon_git_jenkins\\Reports\\20230112_213221\\New Test Suite 1\\20230112_213223"/>
         <property name="logFiles" value="C:\\Users\\laksh\\git\\katalon_git_jenkins\\Reports\\20230112_213221\\New Test Suite 1\\20230112_213223\\execution0.log"/>
         <property name="attachments" value=""/>
         <property name="hostName" value="laksh - DESKTOP-GL5Q3SC"/>
         <property name="os" value="Windows 10 64bit"/>
         <property name="katalonVersion" value="8.3.0.208"/>
         <property name="browser" value="Firefox 108.0"/>
         <property name="hostAddress" value="192.168.80.1"/>
         <property name="sessionId" value="fd18b90a-3d69-4e7c-827e-b013c64daa68"/>
         <property name="seleniumVersion" value="3.141.59"/>
         <property name="proxyInformation" value="ProxyInformation { proxyOption=NO_PROXY, proxyServerType=HTTP, username=, password=********, proxyServerAddress=, proxyServerPort=0, executionList=&quot;&quot;, isApplyToDesiredCapabilities=true }"/>
         <property name="platform" value="Windows 10"/>
      </properties>
      <testcase name="Test Cases/New Test Case" time="154.559" classname="Test Cases/New Test Case" status="PASSED">
         <system-out><![CDATA[2023-01-12 21:32:29 - [TEST_CASE][PASSED] - Test Cases/New Test Case: Test Cases/New Test Case

2023-01-12 21:32:29 - [TEST_STEP][PASSED] - openBrowser(""): Browser is opened with url: ''

2023-01-12 21:32:30 - [MESSAGE][INFO] - Starting 'Firefox' driver

2023-01-12 21:32:31 - [MESSAGE][INFO] - Action delay is set to 0 milliseconds

2023-01-12 21:34:51 - [MESSAGE][PASSED] - Browser is opened with url: ''

2023-01-12 21:34:51 - [TEST_STEP][PASSED] - navigateToUrl("https://opensource-demo.orangehrmlive.com/web/index.php/auth/login"): Navigate to 'https://opensource-demo.orangehrmlive.com/web/index.php/auth/login' successfully

2023-01-12 21:34:55 - [MESSAGE][PASSED] - Navigate to 'https://opensource-demo.orangehrmlive.com/web/index.php/auth/login' successfully

2023-01-12 21:34:55 - [TEST_STEP][PASSED] - setText(findTestObject("Object Repository/Page_OrangeHRM/input_Username_username"), "admin"): Text 'admin' is set on object 'Object Repository/Page_OrangeHRM/input_Username_username'

2023-01-12 21:34:57 - [MESSAGE][PASSED] - Text 'admin' is set on object 'Object Repository/Page_OrangeHRM/input_Username_username'

2023-01-12 21:34:57 - [TEST_STEP][PASSED] - setEncryptedText(findTestObject("Object Repository/Page_OrangeHRM/input_Password_password"), "hUKwJTbofgPU9eVlw/CnDQ=="): Text ****** has been set on object 'Object Repository/Page_OrangeHRM/input_Password_password'

2023-01-12 21:34:57 - [MESSAGE][PASSED] - Text ****** has been set on object 'Object Repository/Page_OrangeHRM/input_Password_password'

2023-01-12 21:34:57 - [TEST_STEP][PASSED] - click(findTestObject("Object Repository/Page_OrangeHRM/button_Login")): Object: 'Object Repository/Page_OrangeHRM/button_Login' is clicked on

2023-01-12 21:34:59 - [MESSAGE][PASSED] - Object: 'Object Repository/Page_OrangeHRM/button_Login' is clicked on

2023-01-12 21:34:59 - [TEST_STEP][PASSED] - click(findTestObject("Object Repository/Page_OrangeHRM/p_Paul Collings")): Object: 'Object Repository/Page_OrangeHRM/p_Paul Collings' is clicked on

2023-01-12 21:35:01 - [MESSAGE][PASSED] - Object: 'Object Repository/Page_OrangeHRM/p_Paul Collings' is clicked on

2023-01-12 21:35:01 - [TEST_STEP][PASSED] - delay(1): Delayed 1 second(s)

2023-01-12 21:35:02 - [MESSAGE][PASSED] - Delayed 1 second(s)

2023-01-12 21:35:02 - [TEST_STEP][PASSED] - click(findTestObject("Object Repository/Page_OrangeHRM/a_Logout")): Object: 'Object Repository/Page_OrangeHRM/a_Logout' is clicked on

2023-01-12 21:35:03 - [MESSAGE][PASSED] - Object: 'Object Repository/Page_OrangeHRM/a_Logout' is clicked on]]></system-out>
         <system-err><![CDATA[]]></system-err>
      </testcase>
      <testcase name="Test Cases/New Test Case - Copy" time="17.89" classname="Test Cases/New Test Case - Copy" status="PASSED">
         <system-out><![CDATA[2023-01-12 21:35:03 - [TEST_CASE][PASSED] - Test Cases/New Test Case - Copy: Test Cases/New Test Case - Copy

2023-01-12 21:35:04 - [TEST_STEP][PASSED] - openBrowser(""): Browser is opened with url: ''

2023-01-12 21:35:04 - [MESSAGE][WARNING] - A browser is already opened. Closing browser and opening a new one

2023-01-12 21:35:05 - [MESSAGE][INFO] - Starting 'Firefox' driver

2023-01-12 21:35:05 - [MESSAGE][INFO] - Action delay is set to 0 milliseconds

2023-01-12 21:35:10 - [MESSAGE][PASSED] - Browser is opened with url: ''

2023-01-12 21:35:10 - [TEST_STEP][PASSED] - navigateToUrl("https://opensource-demo.orangehrmlive.com/web/index.php/auth/login"): Navigate to 'https://opensource-demo.orangehrmlive.com/web/index.php/auth/login' successfully

2023-01-12 21:35:14 - [MESSAGE][PASSED] - Navigate to 'https://opensource-demo.orangehrmlive.com/web/index.php/auth/login' successfully

2023-01-12 21:35:14 - [TEST_STEP][PASSED] - setText(findTestObject("Object Repository/Page_OrangeHRM/input_Username_username"), "admin"): Text 'admin' is set on object 'Object Repository/Page_OrangeHRM/input_Username_username'

2023-01-12 21:35:15 - [MESSAGE][PASSED] - Text 'admin' is set on object 'Object Repository/Page_OrangeHRM/input_Username_username'

2023-01-12 21:35:15 - [TEST_STEP][PASSED] - setEncryptedText(findTestObject("Object Repository/Page_OrangeHRM/input_Password_password"), "hUKwJTbofgPU9eVlw/CnDQ=="): Text ****** has been set on object 'Object Repository/Page_OrangeHRM/input_Password_password'

2023-01-12 21:35:16 - [MESSAGE][PASSED] - Text ****** has been set on object 'Object Repository/Page_OrangeHRM/input_Password_password'

2023-01-12 21:35:16 - [TEST_STEP][PASSED] - click(findTestObject("Object Repository/Page_OrangeHRM/button_Login")): Object: 'Object Repository/Page_OrangeHRM/button_Login' is clicked on

2023-01-12 21:35:18 - [MESSAGE][PASSED] - Object: 'Object Repository/Page_OrangeHRM/button_Login' is clicked on

2023-01-12 21:35:18 - [TEST_STEP][PASSED] - click(findTestObject("Object Repository/Page_OrangeHRM/p_Paul Collings")): Object: 'Object Repository/Page_OrangeHRM/p_Paul Collings' is clicked on

2023-01-12 21:35:20 - [MESSAGE][PASSED] - Object: 'Object Repository/Page_OrangeHRM/p_Paul Collings' is clicked on

2023-01-12 21:35:20 - [TEST_STEP][PASSED] - click(findTestObject("Object Repository/Page_OrangeHRM/a_Logout")): Object: 'Object Repository/Page_OrangeHRM/a_Logout' is clicked on

2023-01-12 21:35:21 - [MESSAGE][PASSED] - Object: 'Object Repository/Page_OrangeHRM/a_Logout' is clicked on]]></system-out>
         <system-err><![CDATA[]]></system-err>
      </testcase>
      <testcase name="Test Cases/New Test Case - Copy - Copy" time="17.113" classname="Test Cases/New Test Case - Copy - Copy" status="PASSED">
         <system-out><![CDATA[2023-01-12 21:35:21 - [TEST_CASE][PASSED] - Test Cases/New Test Case - Copy - Copy: Test Cases/New Test Case - Copy - Copy

2023-01-12 21:35:21 - [TEST_STEP][PASSED] - openBrowser(""): Browser is opened with url: ''

2023-01-12 21:35:21 - [MESSAGE][WARNING] - A browser is already opened. Closing browser and opening a new one

2023-01-12 21:35:23 - [MESSAGE][INFO] - Starting 'Firefox' driver

2023-01-12 21:35:23 - [MESSAGE][INFO] - Action delay is set to 0 milliseconds

2023-01-12 21:35:27 - [MESSAGE][PASSED] - Browser is opened with url: ''

2023-01-12 21:35:27 - [TEST_STEP][PASSED] - navigateToUrl("https://opensource-demo.orangehrmlive.com/web/index.php/auth/login"): Navigate to 'https://opensource-demo.orangehrmlive.com/web/index.php/auth/login' successfully

2023-01-12 21:35:31 - [MESSAGE][PASSED] - Navigate to 'https://opensource-demo.orangehrmlive.com/web/index.php/auth/login' successfully

2023-01-12 21:35:31 - [TEST_STEP][PASSED] - setText(findTestObject("Object Repository/Page_OrangeHRM/input_Username_username"), "admin"): Text 'admin' is set on object 'Object Repository/Page_OrangeHRM/input_Username_username'

2023-01-12 21:35:33 - [MESSAGE][PASSED] - Text 'admin' is set on object 'Object Repository/Page_OrangeHRM/input_Username_username'

2023-01-12 21:35:33 - [TEST_STEP][PASSED] - setEncryptedText(findTestObject("Object Repository/Page_OrangeHRM/input_Password_password"), "hUKwJTbofgPU9eVlw/CnDQ=="): Text ****** has been set on object 'Object Repository/Page_OrangeHRM/input_Password_password'

2023-01-12 21:35:33 - [MESSAGE][PASSED] - Text ****** has been set on object 'Object Repository/Page_OrangeHRM/input_Password_password'

2023-01-12 21:35:33 - [TEST_STEP][PASSED] - click(findTestObject("Object Repository/Page_OrangeHRM/button_Login")): Object: 'Object Repository/Page_OrangeHRM/button_Login' is clicked on

2023-01-12 21:35:35 - [MESSAGE][PASSED] - Object: 'Object Repository/Page_OrangeHRM/button_Login' is clicked on

2023-01-12 21:35:35 - [TEST_STEP][PASSED] - click(findTestObject("Object Repository/Page_OrangeHRM/p_Paul Collings")): Object: 'Object Repository/Page_OrangeHRM/p_Paul Collings' is clicked on

2023-01-12 21:35:37 - [MESSAGE][PASSED] - Object: 'Object Repository/Page_OrangeHRM/p_Paul Collings' is clicked on

2023-01-12 21:35:37 - [TEST_STEP][PASSED] - click(findTestObject("Object Repository/Page_OrangeHRM/a_Logout")): Object: 'Object Repository/Page_OrangeHRM/a_Logout' is clicked on

2023-01-12 21:35:38 - [MESSAGE][PASSED] - Object: 'Object Repository/Page_OrangeHRM/a_Logout' is clicked on]]></system-out>
         <system-err><![CDATA[]]></system-err>
      </testcase>
      <system-out><![CDATA[2023-01-12 21:32:28 - [TEST_SUITE][PASSED] - New Test Suite 1: Test Cases/New Test Case - Copy - Copy]]></system-out>
      <system-err><![CDATA[]]></system-err>
   </testsuite>
</testsuites>
