<?xml version="1.0" encoding="UTF-8"?>
<testsuites name="CURA Healthcare" time="20.795" tests="1" failures="0" errors="0">
   <testsuite name="CURA Healthcare" tests="1" failures="0" errors="0" time="20.795" skipped="0" timestamp="2023-01-17 19:18:45" hostname="laksh - DESKTOP-GL5Q3SC" id="Test Suites/CURA Healthcare">
      <properties>
         <property name="deviceName" value=""/>
         <property name="devicePlatform" value=""/>
         <property name="logFolder" value="C:\\Users\\laksh\\git\\katalon_git_jenkins\\Reports\\20230117_191835\\CURA Healthcare\\20230117_191835"/>
         <property name="logFiles" value="C:\\Users\\laksh\\git\\katalon_git_jenkins\\Reports\\20230117_191835\\CURA Healthcare\\20230117_191835\\execution0.log"/>
         <property name="attachments" value=""/>
         <property name="hostName" value="laksh - DESKTOP-GL5Q3SC"/>
         <property name="os" value="Windows 10 64bit"/>
         <property name="katalonVersion" value="8.3.0.208"/>
         <property name="browser" value="Chrome 109.0.0.0"/>
         <property name="hostAddress" value="192.168.80.1"/>
         <property name="sessionId" value="53185ea4f3b6db7d8a16ea33d4bd0fed"/>
         <property name="seleniumVersion" value="3.141.59"/>
         <property name="proxyInformation" value="ProxyInformation { proxyOption=NO_PROXY, proxyServerType=HTTP, username=, password=********, proxyServerAddress=, proxyServerPort=0, executionList=&quot;&quot;, isApplyToDesiredCapabilities=true }"/>
         <property name="platform" value="Windows 10"/>
      </properties>
      <testcase name="Test Cases/OrangeHRM/CURA Healthcare" time="20.213" classname="Test Cases/OrangeHRM/CURA Healthcare" status="PASSED">
         <system-out><![CDATA[2023-01-17 19:18:45 - [TEST_CASE][PASSED] - Test Cases/OrangeHRM/CURA Healthcare: Test Cases/OrangeHRM/CURA Healthcare

2023-01-17 19:18:46 - [TEST_STEP][PASSED] - openBrowser(""): Browser is opened with url: ''

2023-01-17 19:18:47 - [MESSAGE][INFO] - Starting 'Chrome' driver

2023-01-17 19:18:47 - [MESSAGE][INFO] - Action delay is set to 0 milliseconds

2023-01-17 19:18:51 - [MESSAGE][PASSED] - Browser is opened with url: ''

2023-01-17 19:18:51 - [TEST_STEP][PASSED] - navigateToUrl("https://katalon-demo-cura.herokuapp.com/"): Navigate to 'https://katalon-demo-cura.herokuapp.com/' successfully

2023-01-17 19:18:52 - [MESSAGE][PASSED] - Navigate to 'https://katalon-demo-cura.herokuapp.com/' successfully

2023-01-17 19:18:52 - [TEST_STEP][PASSED] - click(findTestObject("Object Repository/CURA Healthcare/Page_CURA Healthcare Service/a_Make Appointment")): Object: 'Object Repository/CURA Healthcare/Page_CURA Healthcare Service/a_Make Appointment' is clicked on

2023-01-17 19:18:53 - [MESSAGE][PASSED] - Object: 'Object Repository/CURA Healthcare/Page_CURA Healthcare Service/a_Make Appointment' is clicked on

2023-01-17 19:18:53 - [TEST_STEP][PASSED] - setText(findTestObject("CURA Healthcare/Page_CURA Healthcare Service/input_Username_username"), "John Doe"): Text 'John Doe' is set on object 'Object Repository/CURA Healthcare/Page_CURA Healthcare Service/input_Username_username'

2023-01-17 19:18:54 - [MESSAGE][PASSED] - Text 'John Doe' is set on object 'Object Repository/CURA Healthcare/Page_CURA Healthcare Service/input_Username_username'

2023-01-17 19:18:54 - [TEST_STEP][PASSED] - setEncryptedText(findTestObject("Object Repository/CURA Healthcare/Page_CURA Healthcare Service/input_Password_password"), "g3/DOGG74jC3Flrr3yH+3D/yKbOqqUNM"): Text ****** has been set on object 'Object Repository/CURA Healthcare/Page_CURA Healthcare Service/input_Password_password'

2023-01-17 19:18:55 - [MESSAGE][PASSED] - Text ****** has been set on object 'Object Repository/CURA Healthcare/Page_CURA Healthcare Service/input_Password_password'

2023-01-17 19:18:55 - [TEST_STEP][PASSED] - click(findTestObject("Object Repository/CURA Healthcare/Page_CURA Healthcare Service/button_Login")): Object: 'Object Repository/CURA Healthcare/Page_CURA Healthcare Service/button_Login' is clicked on

2023-01-17 19:18:56 - [MESSAGE][PASSED] - Object: 'Object Repository/CURA Healthcare/Page_CURA Healthcare Service/button_Login' is clicked on

2023-01-17 19:18:56 - [TEST_STEP][PASSED] - selectOptionByValue(findTestObject("Object Repository/CURA Healthcare/Page_CURA Healthcare Service/select_Tokyo CURA Healthcare Center        _5b4107"), "Hongkong CURA Healthcare Center", true): All options with value 'Hongkong CURA Healthcare Center' are selected in object 'Object Repository/CURA Healthcare/Page_CURA Healthcare Service/select_Tokyo CURA Healthcare Center        _5b4107'  using regular expression

2023-01-17 19:18:57 - [MESSAGE][PASSED] - All options with value 'Hongkong CURA Healthcare Center' are selected in object 'Object Repository/CURA Healthcare/Page_CURA Healthcare Service/select_Tokyo CURA Healthcare Center        _5b4107'  using regular expression

2023-01-17 19:18:57 - [TEST_STEP][PASSED] - click(findTestObject("Object Repository/CURA Healthcare/Page_CURA Healthcare Service/input_Apply for hospital readmission_hospit_63901f")): Object: 'Object Repository/CURA Healthcare/Page_CURA Healthcare Service/input_Apply for hospital readmission_hospit_63901f' is clicked on

2023-01-17 19:18:58 - [MESSAGE][PASSED] - Object: 'Object Repository/CURA Healthcare/Page_CURA Healthcare Service/input_Apply for hospital readmission_hospit_63901f' is clicked on

2023-01-17 19:18:58 - [TEST_STEP][PASSED] - click(findTestObject("Object Repository/CURA Healthcare/Page_CURA Healthcare Service/input_Medicaid_programs")): Object: 'Object Repository/CURA Healthcare/Page_CURA Healthcare Service/input_Medicaid_programs' is clicked on

2023-01-17 19:18:58 - [MESSAGE][PASSED] - Object: 'Object Repository/CURA Healthcare/Page_CURA Healthcare Service/input_Medicaid_programs' is clicked on

2023-01-17 19:18:58 - [TEST_STEP][PASSED] - click(findTestObject("Object Repository/CURA Healthcare/Page_CURA Healthcare Service/div_Visit Date (Required)_input-group-addon")): Object: 'Object Repository/CURA Healthcare/Page_CURA Healthcare Service/div_Visit Date (Required)_input-group-addon' is clicked on

2023-01-17 19:18:59 - [MESSAGE][PASSED] - Object: 'Object Repository/CURA Healthcare/Page_CURA Healthcare Service/div_Visit Date (Required)_input-group-addon' is clicked on

2023-01-17 19:18:59 - [TEST_STEP][PASSED] - click(findTestObject("Object Repository/CURA Healthcare/Page_CURA Healthcare Service/td_18")): Object: 'Object Repository/CURA Healthcare/Page_CURA Healthcare Service/td_18' is clicked on

2023-01-17 19:19:00 - [MESSAGE][PASSED] - Object: 'Object Repository/CURA Healthcare/Page_CURA Healthcare Service/td_18' is clicked on

2023-01-17 19:19:00 - [TEST_STEP][PASSED] - setText(findTestObject("Object Repository/CURA Healthcare/Page_CURA Healthcare Service/textarea_Comment_comment"), "test"): Text 'test' is set on object 'Object Repository/CURA Healthcare/Page_CURA Healthcare Service/textarea_Comment_comment'

2023-01-17 19:19:02 - [MESSAGE][PASSED] - Text 'test' is set on object 'Object Repository/CURA Healthcare/Page_CURA Healthcare Service/textarea_Comment_comment'

2023-01-17 19:19:02 - [TEST_STEP][PASSED] - click(findTestObject("Object Repository/CURA Healthcare/Page_CURA Healthcare Service/button_Book Appointment")): Object: 'Object Repository/CURA Healthcare/Page_CURA Healthcare Service/button_Book Appointment' is clicked on

2023-01-17 19:19:03 - [MESSAGE][PASSED] - Object: 'Object Repository/CURA Healthcare/Page_CURA Healthcare Service/button_Book Appointment' is clicked on

2023-01-17 19:19:03 - [TEST_STEP][PASSED] - click(findTestObject("Object Repository/CURA Healthcare/Page_CURA Healthcare Service/a_Go to Homepage")): Object: 'Object Repository/CURA Healthcare/Page_CURA Healthcare Service/a_Go to Homepage' is clicked on

2023-01-17 19:19:04 - [MESSAGE][PASSED] - Object: 'Object Repository/CURA Healthcare/Page_CURA Healthcare Service/a_Go to Homepage' is clicked on

2023-01-17 19:19:04 - [TEST_STEP][PASSED] - closeBrowser(): Browser is closed

2023-01-17 19:19:06 - [MESSAGE][PASSED] - Browser is closed]]></system-out>
         <system-err><![CDATA[]]></system-err>
      </testcase>
      <system-out><![CDATA[2023-01-17 19:18:45 - [TEST_SUITE][PASSED] - CURA Healthcare: Test Cases/OrangeHRM/CURA Healthcare]]></system-out>
      <system-err><![CDATA[]]></system-err>
   </testsuite>
</testsuites>
